Predictions shape: torch.Size([6861])
Edge_attr (labels) shape: torch.Size([6861])
Predictions shape: torch.Size([4096])
Edge_attr (labels) shape: torch.Size([4096])
Epoch 1/100
  - Loss: 0.6998
  - AUPR: 0.4864
  - AUROC: 0.4974
Predictions shape: torch.Size([6924])
Edge_attr (labels) shape: torch.Size([6924])
Predictions shape: torch.Size([4033])
Edge_attr (labels) shape: torch.Size([4033])
Epoch 2/100
  - Loss: 0.6951
  - AUPR: 0.4974
  - AUROC: 0.5149
Predictions shape: torch.Size([6879])
Edge_attr (labels) shape: torch.Size([6879])
Predictions shape: torch.Size([4078])
Edge_attr (labels) shape: torch.Size([4078])
Epoch 3/100
  - Loss: 0.6956
  - AUPR: 0.4953
  - AUROC: 0.5128
Predictions shape: torch.Size([6933])
Edge_attr (labels) shape: torch.Size([6933])
Predictions shape: torch.Size([4024])
Edge_attr (labels) shape: torch.Size([4024])
Epoch 4/100
  - Loss: 0.6958
  - AUPR: 0.4891
  - AUROC: 0.5031
Predictions shape: torch.Size([6908])
Edge_attr (labels) shape: torch.Size([6908])
Predictions shape: torch.Size([4049])
Edge_attr (labels) shape: torch.Size([4049])
Epoch 5/100
  - Loss: 0.6942
  - AUPR: 0.5019
  - AUROC: 0.5172
Predictions shape: torch.Size([6881])
Edge_attr (labels) shape: torch.Size([6881])
Predictions shape: torch.Size([4076])
Edge_attr (labels) shape: torch.Size([4076])
Epoch 6/100
  - Loss: 0.6947
  - AUPR: 0.5068
  - AUROC: 0.5183
Predictions shape: torch.Size([6894])
Edge_attr (labels) shape: torch.Size([6894])
Predictions shape: torch.Size([4063])
Edge_attr (labels) shape: torch.Size([4063])
Epoch 7/100
  - Loss: 0.6925
  - AUPR: 0.5250
  - AUROC: 0.5445
Predictions shape: torch.Size([6967])
Edge_attr (labels) shape: torch.Size([6967])
Predictions shape: torch.Size([3990])
Edge_attr (labels) shape: torch.Size([3990])
Epoch 8/100
  - Loss: 0.6901
  - AUPR: 0.5444
  - AUROC: 0.5643
Predictions shape: torch.Size([6855])
Edge_attr (labels) shape: torch.Size([6855])
Predictions shape: torch.Size([4102])
Edge_attr (labels) shape: torch.Size([4102])
Epoch 9/100
  - Loss: 0.6872
  - AUPR: 0.5725
  - AUROC: 0.5890
Predictions shape: torch.Size([6949])
Edge_attr (labels) shape: torch.Size([6949])
Predictions shape: torch.Size([4008])
Edge_attr (labels) shape: torch.Size([4008])
Epoch 10/100
  - Loss: 0.6865
  - AUPR: 0.5878
  - AUROC: 0.6165
Predictions shape: torch.Size([6842])
Edge_attr (labels) shape: torch.Size([6842])
Predictions shape: torch.Size([4115])
Edge_attr (labels) shape: torch.Size([4115])
Epoch 11/100
  - Loss: 0.6825
  - AUPR: 0.5979
  - AUROC: 0.6287
Predictions shape: torch.Size([6946])
Edge_attr (labels) shape: torch.Size([6946])
Predictions shape: torch.Size([4011])
Edge_attr (labels) shape: torch.Size([4011])
Epoch 12/100
  - Loss: 0.6800
  - AUPR: 0.6154
  - AUROC: 0.6401
Predictions shape: torch.Size([6849])
Edge_attr (labels) shape: torch.Size([6849])
Predictions shape: torch.Size([4108])
Edge_attr (labels) shape: torch.Size([4108])
Epoch 13/100
  - Loss: 0.6717
  - AUPR: 0.6452
  - AUROC: 0.6695
Predictions shape: torch.Size([6884])
Edge_attr (labels) shape: torch.Size([6884])
Predictions shape: torch.Size([4073])
Edge_attr (labels) shape: torch.Size([4073])
Epoch 14/100
  - Loss: 0.6710
  - AUPR: 0.6473
  - AUROC: 0.6665
Predictions shape: torch.Size([6907])
Edge_attr (labels) shape: torch.Size([6907])
Predictions shape: torch.Size([4050])
Edge_attr (labels) shape: torch.Size([4050])
Epoch 15/100
  - Loss: 0.6693
  - AUPR: 0.6457
  - AUROC: 0.6661
Predictions shape: torch.Size([6858])
Edge_attr (labels) shape: torch.Size([6858])
Predictions shape: torch.Size([4099])
Edge_attr (labels) shape: torch.Size([4099])
Epoch 16/100
  - Loss: 0.6624
  - AUPR: 0.6651
  - AUROC: 0.6805
Predictions shape: torch.Size([6934])
Edge_attr (labels) shape: torch.Size([6934])
Predictions shape: torch.Size([4023])
Edge_attr (labels) shape: torch.Size([4023])
Epoch 17/100
  - Loss: 0.6595
  - AUPR: 0.6642
  - AUROC: 0.6798
Predictions shape: torch.Size([6889])
Edge_attr (labels) shape: torch.Size([6889])
Predictions shape: torch.Size([4068])
Edge_attr (labels) shape: torch.Size([4068])
Epoch 18/100
  - Loss: 0.6538
  - AUPR: 0.6629
  - AUROC: 0.6959
Predictions shape: torch.Size([6856])
Edge_attr (labels) shape: torch.Size([6856])
Predictions shape: torch.Size([4101])
Edge_attr (labels) shape: torch.Size([4101])
Epoch 19/100
  - Loss: 0.6513
  - AUPR: 0.6756
  - AUROC: 0.7008
Predictions shape: torch.Size([6913])
Edge_attr (labels) shape: torch.Size([6913])
Predictions shape: torch.Size([4044])
Edge_attr (labels) shape: torch.Size([4044])
Epoch 20/100
  - Loss: 0.6491
  - AUPR: 0.6660
  - AUROC: 0.6916
Predictions shape: torch.Size([6884])
Edge_attr (labels) shape: torch.Size([6884])
Predictions shape: torch.Size([4073])
Edge_attr (labels) shape: torch.Size([4073])
Epoch 21/100
  - Loss: 0.6485
  - AUPR: 0.6902
  - AUROC: 0.7079
Predictions shape: torch.Size([6879])
Edge_attr (labels) shape: torch.Size([6879])
Predictions shape: torch.Size([4078])
Edge_attr (labels) shape: torch.Size([4078])
Epoch 22/100
  - Loss: 0.6407
  - AUPR: 0.6744
  - AUROC: 0.7109
Predictions shape: torch.Size([6957])
Edge_attr (labels) shape: torch.Size([6957])
Predictions shape: torch.Size([4000])
Edge_attr (labels) shape: torch.Size([4000])
Epoch 23/100
  - Loss: 0.6413
  - AUPR: 0.6769
  - AUROC: 0.7091
Predictions shape: torch.Size([6969])
Edge_attr (labels) shape: torch.Size([6969])
Predictions shape: torch.Size([3988])
Edge_attr (labels) shape: torch.Size([3988])
Epoch 24/100
  - Loss: 0.6363
  - AUPR: 0.7026
  - AUROC: 0.7356
Predictions shape: torch.Size([6852])
Edge_attr (labels) shape: torch.Size([6852])
Predictions shape: torch.Size([4105])
Edge_attr (labels) shape: torch.Size([4105])
Epoch 25/100
  - Loss: 0.6383
  - AUPR: 0.6793
  - AUROC: 0.7123
Predictions shape: torch.Size([6891])
Edge_attr (labels) shape: torch.Size([6891])
Predictions shape: torch.Size([4066])
Edge_attr (labels) shape: torch.Size([4066])
Epoch 26/100
  - Loss: 0.6400
  - AUPR: 0.6920
  - AUROC: 0.7224
Predictions shape: torch.Size([6912])
Edge_attr (labels) shape: torch.Size([6912])
Predictions shape: torch.Size([4045])
Edge_attr (labels) shape: torch.Size([4045])
Epoch 27/100
  - Loss: 0.6273
  - AUPR: 0.6936
  - AUROC: 0.7309
Predictions shape: torch.Size([6911])
Edge_attr (labels) shape: torch.Size([6911])
Predictions shape: torch.Size([4046])
Edge_attr (labels) shape: torch.Size([4046])
Epoch 28/100
  - Loss: 0.6251
  - AUPR: 0.7142
  - AUROC: 0.7463
Predictions shape: torch.Size([6855])
Edge_attr (labels) shape: torch.Size([6855])
Predictions shape: torch.Size([4102])
Edge_attr (labels) shape: torch.Size([4102])
Epoch 29/100
  - Loss: 0.6225
  - AUPR: 0.7080
  - AUROC: 0.7433
Predictions shape: torch.Size([6871])
Edge_attr (labels) shape: torch.Size([6871])
Predictions shape: torch.Size([4086])
Edge_attr (labels) shape: torch.Size([4086])
Epoch 30/100
  - Loss: 0.6286
  - AUPR: 0.7021
  - AUROC: 0.7436
Predictions shape: torch.Size([6800])
Edge_attr (labels) shape: torch.Size([6800])
Predictions shape: torch.Size([4157])
Edge_attr (labels) shape: torch.Size([4157])
Epoch 31/100
  - Loss: 0.6164
  - AUPR: 0.7148
  - AUROC: 0.7490
Predictions shape: torch.Size([6862])
Edge_attr (labels) shape: torch.Size([6862])
Predictions shape: torch.Size([4095])
Edge_attr (labels) shape: torch.Size([4095])
Epoch 32/100
  - Loss: 0.6126
  - AUPR: 0.7286
  - AUROC: 0.7595
Predictions shape: torch.Size([6879])
Edge_attr (labels) shape: torch.Size([6879])
Predictions shape: torch.Size([4078])
Edge_attr (labels) shape: torch.Size([4078])
Epoch 33/100
  - Loss: 0.6037
  - AUPR: 0.7318
  - AUROC: 0.7681
Predictions shape: torch.Size([6824])
Edge_attr (labels) shape: torch.Size([6824])
Predictions shape: torch.Size([4133])
Edge_attr (labels) shape: torch.Size([4133])
Epoch 34/100
  - Loss: 0.6090
  - AUPR: 0.7371
  - AUROC: 0.7705
Predictions shape: torch.Size([6927])
Edge_attr (labels) shape: torch.Size([6927])
Predictions shape: torch.Size([4030])
Edge_attr (labels) shape: torch.Size([4030])
Epoch 35/100
  - Loss: 0.6143
  - AUPR: 0.7186
  - AUROC: 0.7554
Predictions shape: torch.Size([6828])
Edge_attr (labels) shape: torch.Size([6828])
Predictions shape: torch.Size([4129])
Edge_attr (labels) shape: torch.Size([4129])
Epoch 36/100
  - Loss: 0.6153
  - AUPR: 0.7307
  - AUROC: 0.7590
Predictions shape: torch.Size([6923])
Edge_attr (labels) shape: torch.Size([6923])
Predictions shape: torch.Size([4034])
Edge_attr (labels) shape: torch.Size([4034])
Epoch 37/100
  - Loss: 0.5985
  - AUPR: 0.7298
  - AUROC: 0.7655
Predictions shape: torch.Size([6913])
Edge_attr (labels) shape: torch.Size([6913])
Predictions shape: torch.Size([4044])
Edge_attr (labels) shape: torch.Size([4044])
Epoch 38/100
  - Loss: 0.6041
  - AUPR: 0.7398
  - AUROC: 0.7737
Predictions shape: torch.Size([6820])
Edge_attr (labels) shape: torch.Size([6820])
Predictions shape: torch.Size([4137])
Edge_attr (labels) shape: torch.Size([4137])
Epoch 39/100
  - Loss: 0.6064
  - AUPR: 0.7336
  - AUROC: 0.7757
Predictions shape: torch.Size([6923])
Edge_attr (labels) shape: torch.Size([6923])
Predictions shape: torch.Size([4034])
Edge_attr (labels) shape: torch.Size([4034])
Epoch 40/100
  - Loss: 0.5961
  - AUPR: 0.7298
  - AUROC: 0.7771
Predictions shape: torch.Size([6956])
Edge_attr (labels) shape: torch.Size([6956])
Predictions shape: torch.Size([4001])
Edge_attr (labels) shape: torch.Size([4001])
Epoch 41/100
  - Loss: 0.5932
  - AUPR: 0.7445
  - AUROC: 0.7814
Predictions shape: torch.Size([6859])
Edge_attr (labels) shape: torch.Size([6859])
Predictions shape: torch.Size([4098])
Edge_attr (labels) shape: torch.Size([4098])
Epoch 42/100
  - Loss: 0.5881
  - AUPR: 0.7428
  - AUROC: 0.7863
Predictions shape: torch.Size([6795])
Edge_attr (labels) shape: torch.Size([6795])
Predictions shape: torch.Size([4162])
Edge_attr (labels) shape: torch.Size([4162])
Epoch 43/100
  - Loss: 0.5952
  - AUPR: 0.7440
  - AUROC: 0.7842
Predictions shape: torch.Size([6879])
Edge_attr (labels) shape: torch.Size([6879])
Predictions shape: torch.Size([4078])
Edge_attr (labels) shape: torch.Size([4078])
Epoch 44/100
  - Loss: 0.5980
  - AUPR: 0.7502
  - AUROC: 0.7870
Predictions shape: torch.Size([6859])
Edge_attr (labels) shape: torch.Size([6859])
Predictions shape: torch.Size([4098])
Edge_attr (labels) shape: torch.Size([4098])
Epoch 45/100
  - Loss: 0.6006
  - AUPR: 0.7253
  - AUROC: 0.7645
Predictions shape: torch.Size([6860])
Edge_attr (labels) shape: torch.Size([6860])
Predictions shape: torch.Size([4097])
Edge_attr (labels) shape: torch.Size([4097])
Epoch 46/100
  - Loss: 0.5836
  - AUPR: 0.7615
  - AUROC: 0.7895
Predictions shape: torch.Size([6876])
Edge_attr (labels) shape: torch.Size([6876])
Predictions shape: torch.Size([4081])
Edge_attr (labels) shape: torch.Size([4081])
Epoch 47/100
  - Loss: 0.5847
  - AUPR: 0.7623
  - AUROC: 0.7960
Predictions shape: torch.Size([6836])
Edge_attr (labels) shape: torch.Size([6836])
Predictions shape: torch.Size([4121])
Edge_attr (labels) shape: torch.Size([4121])
Epoch 48/100
  - Loss: 0.5892
  - AUPR: 0.7414
  - AUROC: 0.7861
Predictions shape: torch.Size([6846])
Edge_attr (labels) shape: torch.Size([6846])
Predictions shape: torch.Size([4111])
Edge_attr (labels) shape: torch.Size([4111])
Epoch 49/100
  - Loss: 0.5763
  - AUPR: 0.7674
  - AUROC: 0.8045
Predictions shape: torch.Size([6961])
Edge_attr (labels) shape: torch.Size([6961])
Predictions shape: torch.Size([3996])
Edge_attr (labels) shape: torch.Size([3996])
Epoch 50/100
  - Loss: 0.5703
  - AUPR: 0.7713
  - AUROC: 0.8044
Predictions shape: torch.Size([6889])
Edge_attr (labels) shape: torch.Size([6889])
Predictions shape: torch.Size([4068])
Edge_attr (labels) shape: torch.Size([4068])
Epoch 51/100
  - Loss: 0.5860
  - AUPR: 0.7628
  - AUROC: 0.7932
Predictions shape: torch.Size([6812])
Edge_attr (labels) shape: torch.Size([6812])
Predictions shape: torch.Size([4145])
Edge_attr (labels) shape: torch.Size([4145])
Epoch 52/100
  - Loss: 0.5749
  - AUPR: 0.7645
  - AUROC: 0.7975
Predictions shape: torch.Size([6893])
Edge_attr (labels) shape: torch.Size([6893])
Predictions shape: torch.Size([4064])
Edge_attr (labels) shape: torch.Size([4064])
Epoch 53/100
  - Loss: 0.5720
  - AUPR: 0.7643
  - AUROC: 0.8056
Predictions shape: torch.Size([6969])
Edge_attr (labels) shape: torch.Size([6969])
Predictions shape: torch.Size([3988])
Edge_attr (labels) shape: torch.Size([3988])
Epoch 54/100
  - Loss: 0.5812
  - AUPR: 0.7588
  - AUROC: 0.7920
Predictions shape: torch.Size([6886])
Edge_attr (labels) shape: torch.Size([6886])
Predictions shape: torch.Size([4071])
Edge_attr (labels) shape: torch.Size([4071])
Epoch 55/100
  - Loss: 0.5700
  - AUPR: 0.7671
  - AUROC: 0.8040
Predictions shape: torch.Size([6809])
Edge_attr (labels) shape: torch.Size([6809])
Predictions shape: torch.Size([4148])
Edge_attr (labels) shape: torch.Size([4148])
Epoch 56/100
  - Loss: 0.5629
  - AUPR: 0.7794
  - AUROC: 0.8081
Predictions shape: torch.Size([6860])
Edge_attr (labels) shape: torch.Size([6860])
Predictions shape: torch.Size([4097])
Edge_attr (labels) shape: torch.Size([4097])
Epoch 57/100
  - Loss: 0.5646
  - AUPR: 0.7745
  - AUROC: 0.8100
Predictions shape: torch.Size([6903])
Edge_attr (labels) shape: torch.Size([6903])
Predictions shape: torch.Size([4054])
Edge_attr (labels) shape: torch.Size([4054])
Epoch 58/100
  - Loss: 0.5627
  - AUPR: 0.7767
  - AUROC: 0.8127
Predictions shape: torch.Size([6901])
Edge_attr (labels) shape: torch.Size([6901])
Predictions shape: torch.Size([4056])
Edge_attr (labels) shape: torch.Size([4056])
Epoch 59/100
  - Loss: 0.5631
  - AUPR: 0.7735
  - AUROC: 0.8121
Predictions shape: torch.Size([6887])
Edge_attr (labels) shape: torch.Size([6887])
Predictions shape: torch.Size([4070])
Edge_attr (labels) shape: torch.Size([4070])
Epoch 60/100
  - Loss: 0.5607
  - AUPR: 0.7753
  - AUROC: 0.8122
Predictions shape: torch.Size([6794])
Edge_attr (labels) shape: torch.Size([6794])
Predictions shape: torch.Size([4163])
Edge_attr (labels) shape: torch.Size([4163])
Epoch 61/100
  - Loss: 0.5553
  - AUPR: 0.7714
  - AUROC: 0.8141
Predictions shape: torch.Size([6942])
Edge_attr (labels) shape: torch.Size([6942])
Predictions shape: torch.Size([4015])
Edge_attr (labels) shape: torch.Size([4015])
Epoch 62/100
  - Loss: 0.5622
  - AUPR: 0.7771
  - AUROC: 0.8108
Predictions shape: torch.Size([6888])
Edge_attr (labels) shape: torch.Size([6888])
Predictions shape: torch.Size([4069])
Edge_attr (labels) shape: torch.Size([4069])
Epoch 63/100
  - Loss: 0.5614
  - AUPR: 0.7672
  - AUROC: 0.8087
Predictions shape: torch.Size([6975])
Edge_attr (labels) shape: torch.Size([6975])
Predictions shape: torch.Size([3982])
Edge_attr (labels) shape: torch.Size([3982])
Epoch 64/100
  - Loss: 0.5691
  - AUPR: 0.7768
  - AUROC: 0.8076
Predictions shape: torch.Size([6836])
Edge_attr (labels) shape: torch.Size([6836])
Predictions shape: torch.Size([4121])
Edge_attr (labels) shape: torch.Size([4121])
Epoch 65/100
  - Loss: 0.5618
  - AUPR: 0.7786
  - AUROC: 0.8114
Predictions shape: torch.Size([6874])
Edge_attr (labels) shape: torch.Size([6874])
Predictions shape: torch.Size([4083])
Edge_attr (labels) shape: torch.Size([4083])
Epoch 66/100
  - Loss: 0.5568
  - AUPR: 0.7860
  - AUROC: 0.8164
Predictions shape: torch.Size([6874])
Edge_attr (labels) shape: torch.Size([6874])
Predictions shape: torch.Size([4083])
Edge_attr (labels) shape: torch.Size([4083])
Epoch 67/100
  - Loss: 0.5587
  - AUPR: 0.7817
  - AUROC: 0.8173
Predictions shape: torch.Size([6935])
Edge_attr (labels) shape: torch.Size([6935])
Predictions shape: torch.Size([4022])
Edge_attr (labels) shape: torch.Size([4022])
Epoch 68/100
  - Loss: 0.5552
  - AUPR: 0.7861
  - AUROC: 0.8189
Predictions shape: torch.Size([6850])
Edge_attr (labels) shape: torch.Size([6850])
Predictions shape: torch.Size([4107])
Edge_attr (labels) shape: torch.Size([4107])
Epoch 69/100
  - Loss: 0.5531
  - AUPR: 0.7889
  - AUROC: 0.8221
Predictions shape: torch.Size([6870])
Edge_attr (labels) shape: torch.Size([6870])
Predictions shape: torch.Size([4087])
Edge_attr (labels) shape: torch.Size([4087])
Epoch 70/100
  - Loss: 0.5490
  - AUPR: 0.7915
  - AUROC: 0.8246
Predictions shape: torch.Size([6828])
Edge_attr (labels) shape: torch.Size([6828])
Predictions shape: torch.Size([4129])
Edge_attr (labels) shape: torch.Size([4129])
Epoch 71/100
  - Loss: 0.5551
  - AUPR: 0.7874
  - AUROC: 0.8199
Predictions shape: torch.Size([6851])
Edge_attr (labels) shape: torch.Size([6851])
Predictions shape: torch.Size([4106])
Edge_attr (labels) shape: torch.Size([4106])
Epoch 72/100
  - Loss: 0.5507
  - AUPR: 0.7903
  - AUROC: 0.8253
Predictions shape: torch.Size([6855])
Edge_attr (labels) shape: torch.Size([6855])
Predictions shape: torch.Size([4102])
Edge_attr (labels) shape: torch.Size([4102])
Epoch 73/100
  - Loss: 0.5527
  - AUPR: 0.7865
  - AUROC: 0.8188
Predictions shape: torch.Size([6818])
Edge_attr (labels) shape: torch.Size([6818])
Predictions shape: torch.Size([4139])
Edge_attr (labels) shape: torch.Size([4139])
Epoch 74/100
  - Loss: 0.5506
  - AUPR: 0.7947
  - AUROC: 0.8249
Predictions shape: torch.Size([6902])
Edge_attr (labels) shape: torch.Size([6902])
Predictions shape: torch.Size([4055])
Edge_attr (labels) shape: torch.Size([4055])
Epoch 75/100
  - Loss: 0.5491
  - AUPR: 0.7908
  - AUROC: 0.8225
Predictions shape: torch.Size([6845])
Edge_attr (labels) shape: torch.Size([6845])
Predictions shape: torch.Size([4112])
Edge_attr (labels) shape: torch.Size([4112])
Epoch 76/100
  - Loss: 0.5600
  - AUPR: 0.7802
  - AUROC: 0.8195
Predictions shape: torch.Size([6889])
Edge_attr (labels) shape: torch.Size([6889])
Predictions shape: torch.Size([4068])
Edge_attr (labels) shape: torch.Size([4068])
Epoch 77/100
  - Loss: 0.5551
  - AUPR: 0.7860
  - AUROC: 0.8207
Predictions shape: torch.Size([6887])
Edge_attr (labels) shape: torch.Size([6887])
Predictions shape: torch.Size([4070])
Edge_attr (labels) shape: torch.Size([4070])
Epoch 78/100
  - Loss: 0.5481
  - AUPR: 0.7916
  - AUROC: 0.8251
Predictions shape: torch.Size([6912])
Edge_attr (labels) shape: torch.Size([6912])
Predictions shape: torch.Size([4045])
Edge_attr (labels) shape: torch.Size([4045])
Epoch 79/100
  - Loss: 0.5399
  - AUPR: 0.7968
  - AUROC: 0.8291
Predictions shape: torch.Size([6971])
Edge_attr (labels) shape: torch.Size([6971])
Predictions shape: torch.Size([3986])
Edge_attr (labels) shape: torch.Size([3986])
Epoch 80/100
  - Loss: 0.5470
  - AUPR: 0.7898
  - AUROC: 0.8265
Predictions shape: torch.Size([6808])
Edge_attr (labels) shape: torch.Size([6808])
Predictions shape: torch.Size([4149])
Edge_attr (labels) shape: torch.Size([4149])
Epoch 81/100
  - Loss: 0.5446
  - AUPR: 0.7969
  - AUROC: 0.8314
Predictions shape: torch.Size([6847])
Edge_attr (labels) shape: torch.Size([6847])
Predictions shape: torch.Size([4110])
Edge_attr (labels) shape: torch.Size([4110])
Epoch 82/100
  - Loss: 0.5476
  - AUPR: 0.7984
  - AUROC: 0.8296
Predictions shape: torch.Size([6862])
Edge_attr (labels) shape: torch.Size([6862])
Predictions shape: torch.Size([4095])
Edge_attr (labels) shape: torch.Size([4095])
Epoch 83/100
  - Loss: 0.5452
  - AUPR: 0.7926
  - AUROC: 0.8290
Predictions shape: torch.Size([6858])
Edge_attr (labels) shape: torch.Size([6858])
Predictions shape: torch.Size([4099])
Edge_attr (labels) shape: torch.Size([4099])
Epoch 84/100
  - Loss: 0.5392
  - AUPR: 0.7876
  - AUROC: 0.8283
Predictions shape: torch.Size([6920])
Edge_attr (labels) shape: torch.Size([6920])
Predictions shape: torch.Size([4037])
Edge_attr (labels) shape: torch.Size([4037])
Epoch 85/100
  - Loss: 0.5435
  - AUPR: 0.7969
  - AUROC: 0.8295
Predictions shape: torch.Size([6868])
Edge_attr (labels) shape: torch.Size([6868])
Predictions shape: torch.Size([4089])
Edge_attr (labels) shape: torch.Size([4089])
Epoch 86/100
  - Loss: 0.5428
  - AUPR: 0.7994
  - AUROC: 0.8318
Predictions shape: torch.Size([6955])
Edge_attr (labels) shape: torch.Size([6955])
Predictions shape: torch.Size([4002])
Edge_attr (labels) shape: torch.Size([4002])
Epoch 87/100
  - Loss: 0.5418
  - AUPR: 0.8044
  - AUROC: 0.8327
Predictions shape: torch.Size([6835])
Edge_attr (labels) shape: torch.Size([6835])
Predictions shape: torch.Size([4122])
Edge_attr (labels) shape: torch.Size([4122])
Epoch 88/100
  - Loss: 0.5413
  - AUPR: 0.7907
  - AUROC: 0.8270
Predictions shape: torch.Size([6801])
Edge_attr (labels) shape: torch.Size([6801])
Predictions shape: torch.Size([4156])
Edge_attr (labels) shape: torch.Size([4156])
Epoch 89/100
  - Loss: 0.5498
  - AUPR: 0.7961
  - AUROC: 0.8256
Predictions shape: torch.Size([6816])
Edge_attr (labels) shape: torch.Size([6816])
Predictions shape: torch.Size([4141])
Edge_attr (labels) shape: torch.Size([4141])
Epoch 90/100
  - Loss: 0.5477
  - AUPR: 0.7835
  - AUROC: 0.8210
Predictions shape: torch.Size([6889])
Edge_attr (labels) shape: torch.Size([6889])
Predictions shape: torch.Size([4068])
Edge_attr (labels) shape: torch.Size([4068])
Epoch 91/100
  - Loss: 0.5425
  - AUPR: 0.7979
  - AUROC: 0.8302
Predictions shape: torch.Size([6887])
Edge_attr (labels) shape: torch.Size([6887])
Predictions shape: torch.Size([4070])
Edge_attr (labels) shape: torch.Size([4070])
Epoch 92/100
  - Loss: 0.5398
  - AUPR: 0.7873
  - AUROC: 0.8305
Predictions shape: torch.Size([6975])
Edge_attr (labels) shape: torch.Size([6975])
Predictions shape: torch.Size([3982])
Edge_attr (labels) shape: torch.Size([3982])
Epoch 93/100
  - Loss: 0.5417
  - AUPR: 0.8006
  - AUROC: 0.8276
Predictions shape: torch.Size([6800])
Edge_attr (labels) shape: torch.Size([6800])
Predictions shape: torch.Size([4157])
Edge_attr (labels) shape: torch.Size([4157])
Epoch 94/100
  - Loss: 0.5360
  - AUPR: 0.8011
  - AUROC: 0.8339
Predictions shape: torch.Size([6854])
Edge_attr (labels) shape: torch.Size([6854])
Predictions shape: torch.Size([4103])
Edge_attr (labels) shape: torch.Size([4103])
Epoch 95/100
  - Loss: 0.5272
  - AUPR: 0.8119
  - AUROC: 0.8444
Predictions shape: torch.Size([6852])
Edge_attr (labels) shape: torch.Size([6852])
Predictions shape: torch.Size([4105])
Edge_attr (labels) shape: torch.Size([4105])
Epoch 96/100
  - Loss: 0.5388
  - AUPR: 0.8016
  - AUROC: 0.8325
Predictions shape: torch.Size([6886])
Edge_attr (labels) shape: torch.Size([6886])
Predictions shape: torch.Size([4071])
Edge_attr (labels) shape: torch.Size([4071])
Epoch 97/100
  - Loss: 0.5349
  - AUPR: 0.8104
  - AUROC: 0.8401
Predictions shape: torch.Size([6901])
Edge_attr (labels) shape: torch.Size([6901])
Predictions shape: torch.Size([4056])
Edge_attr (labels) shape: torch.Size([4056])
Epoch 98/100
  - Loss: 0.5406
  - AUPR: 0.7960
  - AUROC: 0.8295
Predictions shape: torch.Size([6839])
Edge_attr (labels) shape: torch.Size([6839])
Predictions shape: torch.Size([4118])
Edge_attr (labels) shape: torch.Size([4118])
Epoch 99/100
  - Loss: 0.5318
  - AUPR: 0.8022
  - AUROC: 0.8355
Predictions shape: torch.Size([6911])
Edge_attr (labels) shape: torch.Size([6911])
Predictions shape: torch.Size([4046])
Edge_attr (labels) shape: torch.Size([4046])
Epoch 100/100
  - Loss: 0.5436
  - AUPR: 0.8091
  - AUROC: 0.8366
