===== RegNet Workflow on HPC =====
Data directory: data/Benchmark Dataset/Lofgof Dataset/mESC/TFs+500
Output directory: pretrain_outputs/Lofgof_mESC_TF500+
Running on node: gpu005.amarel.rutgers.edu
GPU info: GPU 0: Quadro M6000 (UUID: GPU-38ab5191-a447-04a5-f9d1-e5e04404479b)
GPU 1: Quadro M6000 (UUID: GPU-f6371400-0677-13ca-5d64-a82f4befe91e)
GPU 2: Quadro M6000 (UUID: GPU-31e5812e-1600-514a-28ed-68c426a91dbb)
GPU 3: Quadro M6000 (UUID: GPU-534186fc-7058-fd01-a590-7ba361b4984d)

Train-test split already exists. Skipping step 1.

Pretrained model already exists. Skipping step 2.

Step 3: Evaluating model on test data...
Loading data from train_test_split format...
Loading pretrained model from pretrain_outputs/Lofgof_mESC_TF500+/pretrain/regnet_pretrained.pth
Evaluating model...
Computing evaluation metrics...
Saving evaluation results...
AUPR: 0.31656755116772095
AUROC: 0.768410014497135
Optimal_Threshold: 0.48229461908340454
Accuracy: 0.8603066439522998
Precision: 0.3380281690140845
Recall: 0.4656084656084656
F1: 0.3916913946587537
TP: 264
FP: 517
TN: 4786
FN: 303
Evaluation complete. Results saved to pretrain_outputs/Lofgof_mESC_TF500+/evaluation
Evaluation complete. Results saved to: pretrain_outputs/Lofgof_mESC_TF500+/evaluation

Step 4: Running temperature calibration...
