/cache/home/mm2595/RegNet/regnet/preprocessing/data_loader.py:77: UserWarning: To copy construct from a tensor, it is recommended to use sourceTensor.clone().detach() or sourceTensor.clone().detach().requires_grad_(True), rather than torch.tensor(sourceTensor).
  edge_index=torch.tensor(edge_index, dtype=torch.long),
/cache/home/mm2595/RegNet/regnet/preprocessing/data_loader.py:78: UserWarning: To copy construct from a tensor, it is recommended to use sourceTensor.clone().detach() or sourceTensor.clone().detach().requires_grad_(True), rather than torch.tensor(sourceTensor).
  edge_attr=torch.tensor(edge_weights, dtype=torch.float)
/home/mm2595/miniconda3/envs/RegNet_env/lib/python3.10/site-packages/torch_geometric/sampler/neighbor_sampler.py:61: UserWarning: Using 'NeighborSampler' without a 'pyg-lib' installation is deprecated and will be removed soon. Please install 'pyg-lib' for accelerated neighborhood sampling
  warnings.warn(f"Using '{self.__class__.__name__}' without a "
/home/mm2595/miniconda3/envs/RegNet_env/lib/python3.10/site-packages/torch/cuda/__init__.py:716: UserWarning: Can't initialize NVML
  warnings.warn("Can't initialize NVML")
Traceback (most recent call last):
  File "/home/mm2595/miniconda3/envs/RegNet_env/lib/python3.10/runpy.py", line 196, in _run_module_as_main
    return _run_code(code, main_globals, None,
  File "/home/mm2595/miniconda3/envs/RegNet_env/lib/python3.10/runpy.py", line 86, in _run_code
    exec(code, run_globals)
  File "/cache/home/mm2595/RegNet/regnet/training/pretrain.py", line 187, in <module>
    main()
  File "/cache/home/mm2595/RegNet/regnet/training/pretrain.py", line 157, in main
    args.latent_dim, args.num_layers).to(args.device)
  File "/home/mm2595/miniconda3/envs/RegNet_env/lib/python3.10/site-packages/torch/nn/modules/module.py", line 1340, in to
    return self._apply(convert)
  File "/home/mm2595/miniconda3/envs/RegNet_env/lib/python3.10/site-packages/torch/nn/modules/module.py", line 900, in _apply
    module._apply(fn)
  File "/home/mm2595/miniconda3/envs/RegNet_env/lib/python3.10/site-packages/torch/nn/modules/module.py", line 900, in _apply
    module._apply(fn)
  File "/home/mm2595/miniconda3/envs/RegNet_env/lib/python3.10/site-packages/torch/nn/modules/module.py", line 900, in _apply
    module._apply(fn)
  [Previous line repeated 3 more times]
  File "/home/mm2595/miniconda3/envs/RegNet_env/lib/python3.10/site-packages/torch/nn/modules/module.py", line 927, in _apply
    param_applied = fn(param)
  File "/home/mm2595/miniconda3/envs/RegNet_env/lib/python3.10/site-packages/torch/nn/modules/module.py", line 1326, in convert
    return t.to(
RuntimeError: CUDA error: out of memory
CUDA kernel errors might be asynchronously reported at some other API call, so the stacktrace below might be incorrect.
For debugging consider passing CUDA_LAUNCH_BLOCKING=1
Compile with `TORCH_USE_CUDA_DSA` to enable device-side assertions.

